app/manifest-merger-release-report.txt
-- Merging decision tree log ---
manifest
ADDED from AndroidManifest.xml:2:1
	package
		ADDED from AndroidManifest.xml:3:5
		INJECTED from AndroidManifest.xml:0:0
		INJECTED from AndroidManifest.xml:0:0
	android:versionName
		ADDED from AndroidManifest.xml:5:5
	android:versionCode
		ADDED from AndroidManifest.xml:4:5
		INJECTED from AndroidManifest.xml:0:0
		INJECTED from AndroidManifest.xml:0:0
	xmlns:android
		ADDED from AndroidManifest.xml:2:11
uses-permission#android.permission.ACCESS_FINE_LOCATION
ADDED from AndroidManifest.xml:7:5
	android:name
		ADDED from AndroidManifest.xml:7:22
uses-permission#android.permission.ACCESS_NETWORK_STATE
ADDED from AndroidManifest.xml:8:5
	android:name
		ADDED from AndroidManifest.xml:8:22
uses-permission#android.permission.INTERNET
ADDED from AndroidManifest.xml:9:5
	android:name
		ADDED from AndroidManifest.xml:9:22
uses-permission#android.permission.ACCESS_WIFI_STATE
ADDED from AndroidManifest.xml:10:5
	android:name
		ADDED from AndroidManifest.xml:10:22
uses-permission#android.permission.WRITE_EXTERNAL_STORAGE
ADDED from AndroidManifest.xml:11:5
	android:name
		ADDED from AndroidManifest.xml:11:22
uses-feature#0x00020000
ADDED from AndroidManifest.xml:21:5
	android:glEsVersion
		ADDED from AndroidManifest.xml:22:9
	android:required
		ADDED from AndroidManifest.xml:23:9
application
ADDED from AndroidManifest.xml:25:5
MERGED from com.android.support:appcompat-v7:19.0.1:19:5
MERGED from com.android.support:support-v4:21.0.0:16:5
MERGED from com.google.android.gms:play-services:6.5.87:20:5
MERGED from com.android.support:support-v4:21.0.0:16:5
MERGED from com.google.maps.android:android-maps-utils:0.3.4:7:5
MERGED from com.github.chrisbanes.actionbarpulltorefresh:library:0.9.9:3:5
MERGED from com.github.castorflex.smoothprogressbar:library:0.4.0:5:5
	android:label
		ADDED from AndroidManifest.xml:28:9
	android:allowBackup
		ADDED from AndroidManifest.xml:26:9
	android:icon
		ADDED from AndroidManifest.xml:27:9
	android:largeHeap
		ADDED from AndroidManifest.xml:29:9
	android:theme
		ADDED from AndroidManifest.xml:30:9
service#at.ac.tuwien.touristguide.service.TTSHelper
ADDED from AndroidManifest.xml:32:9
	android:enabled
		ADDED from AndroidManifest.xml:34:13
	android:label
		ADDED from AndroidManifest.xml:36:13
	android:exported
		ADDED from AndroidManifest.xml:35:13
	android:name
		ADDED from AndroidManifest.xml:33:13
service#at.ac.tuwien.touristguide.service.LocationService
ADDED from AndroidManifest.xml:38:9
	android:enabled
		ADDED from AndroidManifest.xml:40:13
	android:label
		ADDED from AndroidManifest.xml:42:13
	android:exported
		ADDED from AndroidManifest.xml:41:13
	android:name
		ADDED from AndroidManifest.xml:39:13
uses-library#android.test.runner
ADDED from AndroidManifest.xml:44:9
	android:name
		ADDED from AndroidManifest.xml:44:23
instrumentation#android.test.InstrumentationTestRunner
ADDED from AndroidManifest.xml:46:9
	android:targetPackage
		ADDED from AndroidManifest.xml:48:13
	android:name
		ADDED from AndroidManifest.xml:47:13
activity#at.ac.tuwien.touristguide.tools.SplashActivity
ADDED from AndroidManifest.xml:51:9
	android:screenOrientation
		ADDED from AndroidManifest.xml:55:13
	android:label
		ADDED from AndroidManifest.xml:54:13
	android:theme
		ADDED from AndroidManifest.xml:56:13
	android:name
		ADDED from AndroidManifest.xml:52:13
intent-filter#android.intent.action.MAIN+android.intent.category.LAUNCHER
ADDED from AndroidManifest.xml:57:13
action#android.intent.action.MAIN
ADDED from AndroidManifest.xml:58:17
	android:name
		ADDED from AndroidManifest.xml:58:25
category#android.intent.category.LAUNCHER
ADDED from AndroidManifest.xml:59:17
	android:name
		ADDED from AndroidManifest.xml:59:27
meta-data#com.google.android.maps.v2.API_KEY
ADDED from AndroidManifest.xml:64:9
	android:value
		ADDED from AndroidManifest.xml:66:13
	android:name
		ADDED from AndroidManifest.xml:65:13
meta-data#com.google.android.gms.version
ADDED from AndroidManifest.xml:68:9
MERGED from com.google.android.gms:play-services:6.5.87:21:9
	android:value
		ADDED from AndroidManifest.xml:70:13
	android:name
		ADDED from AndroidManifest.xml:69:13
activity#at.ac.tuwien.touristguide.MainActivity
ADDED from AndroidManifest.xml:74:9
	android:label
		ADDED from AndroidManifest.xml:77:13
	android:launchMode
		ADDED from AndroidManifest.xml:78:13
	android:configChanges
		ADDED from AndroidManifest.xml:76:13
	android:name
		ADDED from AndroidManifest.xml:75:13
uses-sdk
INJECTED from AndroidManifest.xml:0:0 reason: use-sdk injection requested
MERGED from com.android.support:appcompat-v7:19.0.1:18:5
MERGED from com.android.support:support-v4:21.0.0:15:5
MERGED from com.google.android.gms:play-services:6.5.87:18:5
MERGED from com.android.support:support-v4:21.0.0:15:5
MERGED from com.google.maps.android:android-maps-utils:0.3.4:5:5
MERGED from com.github.chrisbanes.actionbarpulltorefresh:library:0.9.9:2:5
MERGED from com.github.castorflex.smoothprogressbar:library:0.4.0:3:5
	android:targetSdkVersion
		INJECTED from AndroidManifest.xml:0:0
		INJECTED from AndroidManifest.xml:0:0
	android:minSdkVersion
		INJECTED from AndroidManifest.xml:0:0
		INJECTED from AndroidManifest.xml:0:0